<?xml version="1.0" encoding="UTF-8"?>
<!-- Generated by org.testng.reporters.JUnitReportReporter -->
<testsuite hostname="LAPTOP-24TL52N6" failures="0" tests="2" name="LearnTestNG.LearnDataProviders" time="8.481" errors="0" timestamp="2023-08-31T16:38:24 IST" skipped="0">
  <testcase classname="LearnTestNG.LearnDataProviders" name="LoginHRMS" time="3.360"/>
  <system-out/>
  <testcase classname="LearnTestNG.LearnDataProviders" name="LoginHRMS" time="5.121"/>
  <system-out/>
</testsuite> <!-- LearnTestNG.LearnDataProviders -->
