<?xml version="1.0" encoding="UTF-8"?>
<!-- Generated by org.testng.reporters.JUnitReportReporter -->
<testsuite hostname="LAPTOP-24TL52N6" failures="0" tests="4" name="Grocery_Buy_Admin.Manage_User" time="7.704" errors="0" timestamp="2023-09-13T19:41:57 IST" skipped="0">
  <testcase classname="Grocery_Buy_Admin.Manage_User" name="login" time="0.284"/>
  <system-out/>
  <testcase classname="Grocery_Buy_Admin.Manage_User" name="manageUser" time="7.125"/>
  <system-out/>
  <testcase classname="Grocery_Buy_Admin.Manage_User" name="addUsers" time="0.246"/>
  <system-out/>
  <testcase classname="Grocery_Buy_Admin.Manage_User" name="saveUser" time="0.049"/>
  <system-out/>
</testsuite> <!-- Grocery_Buy_Admin.Manage_User -->
