<?xml version="1.0" encoding="UTF-8"?>
<!-- Generated by org.testng.reporters.JUnitReportReporter -->
<testsuite hostname="LAPTOP-24TL52N6" failures="0" tests="5" name="HRMS_Project.Hrms_Login_DataProvider" time="33.781" errors="0" timestamp="2023-09-21T14:02:11 IST" skipped="0">
  <testcase classname="HRMS_Project.Hrms_Login_DataProvider" name="testHRMSUserLogin" time="6.086"/>
  <system-out/>
  <testcase classname="HRMS_Project.Hrms_Login_DataProvider" name="testHRMSUserLogin" time="7.499"/>
  <system-out/>
  <testcase classname="HRMS_Project.Hrms_Login_DataProvider" name="testHRMSUserLogin" time="7.000"/>
  <system-out/>
  <testcase classname="HRMS_Project.Hrms_Login_DataProvider" name="testHRMSUserLogin" time="6.217"/>
  <system-out/>
  <testcase classname="HRMS_Project.Hrms_Login_DataProvider" name="testHRMSUserLogin" time="6.979"/>
  <system-out/>
</testsuite> <!-- HRMS_Project.Hrms_Login_DataProvider -->
