<?xml version="1.0" encoding="UTF-8"?>
<!-- Generated by org.testng.reporters.JUnitReportReporter -->
<testsuite hostname="LAPTOP-24TL52N6" failures="0" tests="2" name="LearnTestNG.assertions_TestNg" time="0.838" errors="0" timestamp="2023-09-28T15:57:33 IST" skipped="0">
  <testcase classname="LearnTestNG.assertions_TestNg" name="openBrowser" time="0.822"/>
  <system-out>
    <![CDATA[Test
Launching Google Chrome Driver 
Food Application Website]]>
  </system-out>
  <testcase classname="LearnTestNG.assertions_TestNg" name="verifyTitle" time="0.016"/>
  <system-out/>
</testsuite> <!-- LearnTestNG.assertions_TestNg -->
