<?xml version="1.0" encoding="UTF-8"?>
<!-- Generated by org.testng.reporters.JUnitReportReporter -->
<testsuite hostname="LAPTOP-24TL52N6" failures="0" tests="1" name="LearnJavaClassMethods.ExampleProgramJavaWithTestNG" time="6.084" errors="0" timestamp="2023-09-04T19:18:46 IST" skipped="0">
  <testcase classname="LearnJavaClassMethods.ExampleProgramJavaWithTestNG" name="testSeleniumAutomation" time="6.084"/>
  <system-out/>
</testsuite> <!-- LearnJavaClassMethods.ExampleProgramJavaWithTestNG -->
