<?xml version="1.0" encoding="UTF-8"?>
<!-- Generated by org.testng.reporters.JUnitReportReporter -->
<testsuite hostname="LAPTOP-24TL52N6" failures="0" tests="2" name="LearnTestNG.Dataproviderusingextends" time="9.383" errors="0" timestamp="2023-09-01T12:26:23 IST" skipped="0">
  <testcase classname="LearnTestNG.Dataproviderusingextends" name="LoginHRMS" time="4.902"/>
  <system-out/>
  <testcase classname="LearnTestNG.Dataproviderusingextends" name="LoginHRMS" time="4.481"/>
  <system-out/>
</testsuite> <!-- LearnTestNG.Dataproviderusingextends -->
