<?xml version="1.0" encoding="UTF-8"?>
<!-- Generated by org.testng.reporters.JUnitReportReporter -->
<testsuite hostname="LAPTOP-24TL52N6" failures="0" tests="2" name="Grocery_Buy_Admin.Manage_Categories" time="6.200" errors="0" timestamp="2023-09-13T19:41:57 IST" skipped="0">
  <testcase classname="Grocery_Buy_Admin.Manage_Categories" name="clickmanageCategories" time="6.118"/>
  <system-out/>
  <testcase classname="Grocery_Buy_Admin.Manage_Categories" name="addCategories" time="0.082"/>
  <system-out/>
</testsuite> <!-- Grocery_Buy_Admin.Manage_Categories -->
