<?xml version="1.0" encoding="UTF-8"?>
<!-- Generated by org.testng.reporters.JUnitReportReporter -->
<testsuite hostname="LAPTOP-24TL52N6" failures="0" tests="1" name="FoodAppTestNGMethods.NewFoodAppMethods" time="7.310" errors="0" timestamp="2023-09-06T11:00:29 IST" skipped="0">
  <testcase classname="FoodAppTestNGMethods.NewFoodAppMethods" name="Login" time="7.310"/>
  <system-out/>
</testsuite> <!-- FoodAppTestNGMethods.NewFoodAppMethods -->
